Build started 01/09/2012 22:19:00.
     1>Project "C:\Users\Steven\documents\visual studio 11\Projects\TFLStats\TFLStats\TFLStats.vcxproj" on node 2 (Build target(s)).
     1>InitializeBuildStatus:
         Touching "Debug\TFLStats.unsuccessfulbuild".
       ClCompile:
         C:\Program Files (x86)\Microsoft Visual Studio 11.0\VC\bin\CL.exe /c /ZI /nologo /W3 /WX- /Od /Oy- /D WIN32 /D _DEBUG /D _CONSOLE /D _UNICODE /D UNICODE /Gm /EHsc /RTC1 /MDd /GS /fp:precise /Zc:wchar_t /Zc:forScope /Fo"Debug\\" /Fd"Debug\vc110.pdb" /Gd /TP /analyze- /errorReport:prompt CsvParser.cpp Main.cpp
         Main.cpp
         CsvParser.cpp
         Generating Code...
       ManifestResourceCompile:
         All outputs are up-to-date.
       Link:
         C:\Program Files (x86)\Microsoft Visual Studio 11.0\VC\bin\link.exe /ERRORREPORT:PROMPT /OUT:"C:\Users\Steven\documents\visual studio 11\Projects\TFLStats\Debug\TFLStats.exe" /INCREMENTAL /NOLOGO kernel32.lib user32.lib gdi32.lib winspool.lib comdlg32.lib advapi32.lib shell32.lib ole32.lib oleaut32.lib uuid.lib odbc32.lib odbccp32.lib /MANIFEST /ManifestFile:"Debug\TFLStats.exe.intermediate.manifest" /MANIFESTUAC:"level='asInvoker' uiAccess='false'" /DEBUG /PDB:"C:\Users\Steven\documents\visual studio 11\Projects\TFLStats\Debug\TFLStats.pdb" /SUBSYSTEM:CONSOLE /TLBID:1 /DYNAMICBASE /NXCOMPAT /IMPLIB:"C:\Users\Steven\documents\visual studio 11\Projects\TFLStats\Debug\TFLStats.lib" /MACHINE:X86 Debug\CsvParser.obj
         Debug\Main.obj
         Debug\TFLStats.exe.embed.manifest.res
         LINK : padding exhausted: performing full link
       Manifest:
         C:\Program Files (x86)\Windows Kits\8.0\bin\x86\mt.exe /nologo /verbose /out:"Debug\TFLStats.exe.embed.manifest" /manifest Debug\TFLStats.exe.intermediate.manifest
         All outputs are up-to-date.
       LinkEmbedManifest:
         All outputs are up-to-date.
         TFLStats.vcxproj -> C:\Users\Steven\documents\visual studio 11\Projects\TFLStats\Debug\TFLStats.exe
       FinalizeBuildStatus:
         Deleting file "Debug\TFLStats.unsuccessfulbuild".
         Touching "Debug\TFLStats.lastbuildstate".
     1>Done Building Project "C:\Users\Steven\documents\visual studio 11\Projects\TFLStats\TFLStats\TFLStats.vcxproj" (Build target(s)).

Build succeeded.

Time Elapsed 00:00:01.70
